<?xml version="1.0" encoding="UTF-8" ?>
<testsuite tests="60" failures="0" name="org.bukkit.LocationTest" time="0" errors="0" skipped="0">
  <properties>
[...]
</properties>
  <testcase classname="org.bukkit.LocationTest" name="testExpectedXYZ[0: X]" time="0"/>
  <testcase classname="org.bukkit.LocationTest" name="testExpectedPitchYaw[0: X]" time="0"/>
  <testcase classname="org.bukkit.LocationTest" name="testExpectedXYZ[1: -X]" time="0"/>
  <testcase classname="org.bukkit.LocationTest" name="testExpectedPitchYaw[1: -X]" time="0"/>
  <testcase classname="org.bukkit.LocationTest" name="testExpectedXYZ[2: Z]" time="0"/>
  <testcase classname="org.bukkit.LocationTest" name="testExpectedPitchYaw[2: Z]" time="0"/>
  <testcase classname="org.bukkit.LocationTest" name="testExpectedXYZ[3: -Z]" time="0"/>
  <testcase classname="org.bukkit.LocationTest" name="testExpectedPitchYaw[3: -Z]" time="0"/>
  <testcase classname="org.bukkit.LocationTest" name="testExpectedXYZ[4: Y]" time="0"/>
  <testcase classname="org.bukkit.LocationTest" name="testExpectedPitchYaw[4: Y]" time="0"/>
  <testcase classname="org.bukkit.LocationTest" name="testExpectedXYZ[5: -Y]" time="0"/>
  <testcase classname="org.bukkit.LocationTest" name="testExpectedPitchYaw[5: -Y]" time="0"/>
  <testcase classname="org.bukkit.LocationTest" name="testExpectedXYZ[6: X Z]" time="0"/>
  <testcase classname="org.bukkit.LocationTest" name="testExpectedPitchYaw[6: X Z]" time="0"/>
  <testcase classname="org.bukkit.LocationTest" name="testExpectedXYZ[7: X -Z]" time="0"/>
  <testcase classname="org.bukkit.LocationTest" name="testExpectedPitchYaw[7: X -Z]" time="0"/>
  <testcase classname="org.bukkit.LocationTest" name="testExpectedXYZ[8: -X -Z]" time="0"/>
  <testcase classname="org.bukkit.LocationTest" name="testExpectedPitchYaw[8: -X -Z]" time="0"/>
  <testcase classname="org.bukkit.LocationTest" name="testExpectedXYZ[9: -X Z]" time="0"/>
  <testcase classname="org.bukkit.LocationTest" name="testExpectedPitchYaw[9: -X Z]" time="0"/>
  <testcase classname="org.bukkit.LocationTest" name="testExpectedXYZ[10: X Y Z]" time="0"/>
  <testcase classname="org.bukkit.LocationTest" name="testExpectedPitchYaw[10: X Y Z]" time="0"/>
  <testcase classname="org.bukkit.LocationTest" name="testExpectedXYZ[11: -X -Y -Z]" time="0"/>
  <testcase classname="org.bukkit.LocationTest" name="testExpectedPitchYaw[11: -X -Y -Z]" time="0"/>
  <testcase classname="org.bukkit.LocationTest" name="testExpectedXYZ[12: R0]" time="0"/>
  <testcase classname="org.bukkit.LocationTest" name="testExpectedPitchYaw[12: R0]" time="0"/>
  <testcase classname="org.bukkit.LocationTest" name="testExpectedXYZ[13: R1]" time="0"/>
  <testcase classname="org.bukkit.LocationTest" name="testExpectedPitchYaw[13: R1]" time="0"/>
  <testcase classname="org.bukkit.LocationTest" name="testExpectedXYZ[14: R2]" time="0"/>
  <testcase classname="org.bukkit.LocationTest" name="testExpectedPitchYaw[14: R2]" time="0"/>
  <testcase classname="org.bukkit.LocationTest" name="testExpectedXYZ[15: R3]" time="0"/>
  <testcase classname="org.bukkit.LocationTest" name="testExpectedPitchYaw[15: R3]" time="0"/>
  <testcase classname="org.bukkit.LocationTest" name="testExpectedXYZ[16: R4]" time="0"/>
  <testcase classname="org.bukkit.LocationTest" name="testExpectedPitchYaw[16: R4]" time="0"/>
  <testcase classname="org.bukkit.LocationTest" name="testExpectedXYZ[17: R5]" time="0"/>
  <testcase classname="org.bukkit.LocationTest" name="testExpectedPitchYaw[17: R5]" time="0"/>
  <testcase classname="org.bukkit.LocationTest" name="testExpectedXYZ[18: R6]" time="0"/>
  <testcase classname="org.bukkit.LocationTest" name="testExpectedPitchYaw[18: R6]" time="0"/>
  <testcase classname="org.bukkit.LocationTest" name="testExpectedXYZ[19: R7]" time="0"/>
  <testcase classname="org.bukkit.LocationTest" name="testExpectedPitchYaw[19: R7]" time="0"/>
  <testcase classname="org.bukkit.LocationTest" name="testExpectedXYZ[20: R8]" time="0"/>
  <testcase classname="org.bukkit.LocationTest" name="testExpectedPitchYaw[20: R8]" time="0"/>
  <testcase classname="org.bukkit.LocationTest" name="testExpectedXYZ[21: R9]" time="0"/>
  <testcase classname="org.bukkit.LocationTest" name="testExpectedPitchYaw[21: R9]" time="0"/>
  <testcase classname="org.bukkit.LocationTest" name="testExpectedXYZ[22: R10]" time="0"/>
  <testcase classname="org.bukkit.LocationTest" name="testExpectedPitchYaw[22: R10]" time="0"/>
  <testcase classname="org.bukkit.LocationTest" name="testExpectedXYZ[23: R11]" time="0"/>
  <testcase classname="org.bukkit.LocationTest" name="testExpectedPitchYaw[23: R11]" time="0"/>
  <testcase classname="org.bukkit.LocationTest" name="testExpectedXYZ[24: R12]" time="0"/>
  <testcase classname="org.bukkit.LocationTest" name="testExpectedPitchYaw[24: R12]" time="0"/>
  <testcase classname="org.bukkit.LocationTest" name="testExpectedXYZ[25: R13]" time="0"/>
  <testcase classname="org.bukkit.LocationTest" name="testExpectedPitchYaw[25: R13]" time="0"/>
  <testcase classname="org.bukkit.LocationTest" name="testExpectedXYZ[26: R14]" time="0"/>
  <testcase classname="org.bukkit.LocationTest" name="testExpectedPitchYaw[26: R14]" time="0"/>
  <testcase classname="org.bukkit.LocationTest" name="testExpectedXYZ[27: R15]" time="0"/>
  <testcase classname="org.bukkit.LocationTest" name="testExpectedPitchYaw[27: R15]" time="0"/>
  <testcase classname="org.bukkit.LocationTest" name="testExpectedXYZ[28: R16]" time="0"/>
  <testcase classname="org.bukkit.LocationTest" name="testExpectedPitchYaw[28: R16]" time="0"/>
  <testcase classname="org.bukkit.LocationTest" name="testExpectedXYZ[29: R17]" time="0"/>
  <testcase classname="org.bukkit.LocationTest" name="testExpectedPitchYaw[29: R17]" time="0"/>
</testsuite>