<?xml version="1.0" encoding="UTF-8"?>
<testsuite name="org.bukkit.craftbukkit.inventory.ItemMetaImplementationOverrideTest" time="0.004" tests="99" errors="0" skipped="0" failures="0">
  <properties>
[...]
</properties>
  <testcase name="testClass[[0]:CraftMetaLeatherArmor contains clone]" classname="org.bukkit.craftbukkit.inventory.ItemMetaImplementationOverrideTest" time="0"/>
  <testcase name="testClass[[1]:CraftMetaLeatherArmor contains isEmpty]" classname="org.bukkit.craftbukkit.inventory.ItemMetaImplementationOverrideTest" time="0"/>
  <testcase name="testClass[[2]:CraftMetaLeatherArmor contains applicableTo]" classname="org.bukkit.craftbukkit.inventory.ItemMetaImplementationOverrideTest" time="0"/>
  <testcase name="testClass[[3]:CraftMetaLeatherArmor contains applyToItem]" classname="org.bukkit.craftbukkit.inventory.ItemMetaImplementationOverrideTest" time="0"/>
  <testcase name="testClass[[4]:CraftMetaLeatherArmor contains serialize]" classname="org.bukkit.craftbukkit.inventory.ItemMetaImplementationOverrideTest" time="0"/>
  <testcase name="testClass[[5]:CraftMetaLeatherArmor contains equalsCommon]" classname="org.bukkit.craftbukkit.inventory.ItemMetaImplementationOverrideTest" time="0"/>
  <testcase name="testClass[[6]:CraftMetaLeatherArmor contains notUncommon]" classname="org.bukkit.craftbukkit.inventory.ItemMetaImplementationOverrideTest" time="0"/>
  <testcase name="testClass[[7]:CraftMetaLeatherArmor contains applyHash]" classname="org.bukkit.craftbukkit.inventory.ItemMetaImplementationOverrideTest" time="0"/>
  <testcase name="testClass[[8]:CraftMetaLeatherArmor contains annotation interface org.bukkit.configuration.serialization.DelegateDeserialization]" classname="org.bukkit.craftbukkit.inventory.ItemMetaImplementationOverrideTest" time="0.001"/>
  <testcase name="testClass[[9]:CraftMetaBook contains clone]" classname="org.bukkit.craftbukkit.inventory.ItemMetaImplementationOverrideTest" time="0"/>
  <testcase name="testClass[[10]:CraftMetaBook contains isEmpty]" classname="org.bukkit.craftbukkit.inventory.ItemMetaImplementationOverrideTest" time="0"/>
  <testcase name="testClass[[11]:CraftMetaBook contains applicableTo]" classname="org.bukkit.craftbukkit.inventory.ItemMetaImplementationOverrideTest" time="0"/>
  <testcase name="testClass[[12]:CraftMetaBook contains applyToItem]" classname="org.bukkit.craftbukkit.inventory.ItemMetaImplementationOverrideTest" time="0"/>
  <testcase name="testClass[[13]:CraftMetaBook contains serialize]" classname="org.bukkit.craftbukkit.inventory.ItemMetaImplementationOverrideTest" time="0"/>
  <testcase name="testClass[[14]:CraftMetaBook contains equalsCommon]" classname="org.bukkit.craftbukkit.inventory.ItemMetaImplementationOverrideTest" time="0"/>
  <testcase name="testClass[[15]:CraftMetaBook contains notUncommon]" classname="org.bukkit.craftbukkit.inventory.ItemMetaImplementationOverrideTest" time="0"/>
  <testcase name="testClass[[16]:CraftMetaBook contains applyHash]" classname="org.bukkit.craftbukkit.inventory.ItemMetaImplementationOverrideTest" time="0"/>
  <testcase name="testClass[[17]:CraftMetaBook contains annotation interface org.bukkit.configuration.serialization.DelegateDeserialization]" classname="org.bukkit.craftbukkit.inventory.ItemMetaImplementationOverrideTest" time="0"/>
  <testcase name="testClass[[18]:CraftMetaCharge contains clone]" classname="org.bukkit.craftbukkit.inventory.ItemMetaImplementationOverrideTest" time="0"/>
  <testcase name="testClass[[19]:CraftMetaCharge contains isEmpty]" classname="org.bukkit.craftbukkit.inventory.ItemMetaImplementationOverrideTest" time="0"/>
  <testcase name="testClass[[20]:CraftMetaCharge contains applicableTo]" classname="org.bukkit.craftbukkit.inventory.ItemMetaImplementationOverrideTest" time="0"/>
  <testcase name="testClass[[21]:CraftMetaCharge contains applyToItem]" classname="org.bukkit.craftbukkit.inventory.ItemMetaImplementationOverrideTest" time="0"/>
  <testcase name="testClass[[22]:CraftMetaCharge contains serialize]" classname="org.bukkit.craftbukkit.inventory.ItemMetaImplementationOverrideTest" time="0"/>
  <testcase name="testClass[[23]:CraftMetaCharge contains equalsCommon]" classname="org.bukkit.craftbukkit.inventory.ItemMetaImplementationOverrideTest" time="0"/>
  <testcase name="testClass[[24]:CraftMetaCharge contains notUncommon]" classname="org.bukkit.craftbukkit.inventory.ItemMetaImplementationOverrideTest" time="0"/>
  <testcase name="testClass[[25]:CraftMetaCharge contains applyHash]" classname="org.bukkit.craftbukkit.inventory.ItemMetaImplementationOverrideTest" time="0"/>
  <testcase name="testClass[[26]:CraftMetaCharge contains annotation interface org.bukkit.configuration.serialization.DelegateDeserialization]" classname="org.bukkit.craftbukkit.inventory.ItemMetaImplementationOverrideTest" time="0"/>
  <testcase name="testClass[[27]:CraftMetaPotion contains clone]" classname="org.bukkit.craftbukkit.inventory.ItemMetaImplementationOverrideTest" time="0"/>
  <testcase name="testClass[[28]:CraftMetaPotion contains isEmpty]" classname="org.bukkit.craftbukkit.inventory.ItemMetaImplementationOverrideTest" time="0"/>
  <testcase name="testClass[[29]:CraftMetaPotion contains applicableTo]" classname="org.bukkit.craftbukkit.inventory.ItemMetaImplementationOverrideTest" time="0"/>
  <testcase name="testClass[[30]:CraftMetaPotion contains applyToItem]" classname="org.bukkit.craftbukkit.inventory.ItemMetaImplementationOverrideTest" time="0"/>
  <testcase name="testClass[[31]:CraftMetaPotion contains serialize]" classname="org.bukkit.craftbukkit.inventory.ItemMetaImplementationOverrideTest" time="0"/>
  <testcase name="testClass[[32]:CraftMetaPotion contains equalsCommon]" classname="org.bukkit.craftbukkit.inventory.ItemMetaImplementationOverrideTest" time="0"/>
  <testcase name="testClass[[33]:CraftMetaPotion contains notUncommon]" classname="org.bukkit.craftbukkit.inventory.ItemMetaImplementationOverrideTest" time="0"/>
  <testcase name="testClass[[34]:CraftMetaPotion contains applyHash]" classname="org.bukkit.craftbukkit.inventory.ItemMetaImplementationOverrideTest" time="0"/>
  <testcase name="testClass[[35]:CraftMetaPotion contains annotation interface org.bukkit.configuration.serialization.DelegateDeserialization]" classname="org.bukkit.craftbukkit.inventory.ItemMetaImplementationOverrideTest" time="0.001"/>
  <testcase name="testClass[[36]:CraftMetaBanner contains clone]" classname="org.bukkit.craftbukkit.inventory.ItemMetaImplementationOverrideTest" time="0"/>
  <testcase name="testClass[[37]:CraftMetaBanner contains isEmpty]" classname="org.bukkit.craftbukkit.inventory.ItemMetaImplementationOverrideTest" time="0"/>
  <testcase name="testClass[[38]:CraftMetaBanner contains applicableTo]" classname="org.bukkit.craftbukkit.inventory.ItemMetaImplementationOverrideTest" time="0"/>
  <testcase name="testClass[[39]:CraftMetaBanner contains applyToItem]" classname="org.bukkit.craftbukkit.inventory.ItemMetaImplementationOverrideTest" time="0"/>
  <testcase name="testClass[[40]:CraftMetaBanner contains serialize]" classname="org.bukkit.craftbukkit.inventory.ItemMetaImplementationOverrideTest" time="0"/>
  <testcase name="testClass[[41]:CraftMetaBanner contains equalsCommon]" classname="org.bukkit.craftbukkit.inventory.ItemMetaImplementationOverrideTest" time="0"/>
  <testcase name="testClass[[42]:CraftMetaBanner contains notUncommon]" classname="org.bukkit.craftbukkit.inventory.ItemMetaImplementationOverrideTest" time="0"/>
  <testcase name="testClass[[43]:CraftMetaBanner contains applyHash]" classname="org.bukkit.craftbukkit.inventory.ItemMetaImplementationOverrideTest" time="0"/>
  <testcase name="testClass[[44]:CraftMetaBanner contains annotation interface org.bukkit.configuration.serialization.DelegateDeserialization]" classname="org.bukkit.craftbukkit.inventory.ItemMetaImplementationOverrideTest" time="0"/>
  <testcase name="testClass[[45]:CraftMetaFirework contains clone]" classname="org.bukkit.craftbukkit.inventory.ItemMetaImplementationOverrideTest" time="0.001"/>
  <testcase name="testClass[[46]:CraftMetaFirework contains isEmpty]" classname="org.bukkit.craftbukkit.inventory.ItemMetaImplementationOverrideTest" time="0"/>
  <testcase name="testClass[[47]:CraftMetaFirework contains applicableTo]" classname="org.bukkit.craftbukkit.inventory.ItemMetaImplementationOverrideTest" time="0"/>
  <testcase name="testClass[[48]:CraftMetaFirework contains applyToItem]" classname="org.bukkit.craftbukkit.inventory.ItemMetaImplementationOverrideTest" time="0"/>
  <testcase name="testClass[[49]:CraftMetaFirework contains serialize]" classname="org.bukkit.craftbukkit.inventory.ItemMetaImplementationOverrideTest" time="0"/>
  <testcase name="testClass[[50]:CraftMetaFirework contains equalsCommon]" classname="org.bukkit.craftbukkit.inventory.ItemMetaImplementationOverrideTest" time="0"/>
  <testcase name="testClass[[51]:CraftMetaFirework contains notUncommon]" classname="org.bukkit.craftbukkit.inventory.ItemMetaImplementationOverrideTest" time="0"/>
  <testcase name="testClass[[52]:CraftMetaFirework contains applyHash]" classname="org.bukkit.craftbukkit.inventory.ItemMetaImplementationOverrideTest" time="0"/>
  <testcase name="testClass[[53]:CraftMetaFirework contains annotation interface org.bukkit.configuration.serialization.DelegateDeserialization]" classname="org.bukkit.craftbukkit.inventory.ItemMetaImplementationOverrideTest" time="0"/>
  <testcase name="testClass[[54]:CraftMetaEnchantedBook contains clone]" classname="org.bukkit.craftbukkit.inventory.ItemMetaImplementationOverrideTest" time="0"/>
  <testcase name="testClass[[55]:CraftMetaEnchantedBook contains isEmpty]" classname="org.bukkit.craftbukkit.inventory.ItemMetaImplementationOverrideTest" time="0"/>
  <testcase name="testClass[[56]:CraftMetaEnchantedBook contains applicableTo]" classname="org.bukkit.craftbukkit.inventory.ItemMetaImplementationOverrideTest" time="0"/>
  <testcase name="testClass[[57]:CraftMetaEnchantedBook contains applyToItem]" classname="org.bukkit.craftbukkit.inventory.ItemMetaImplementationOverrideTest" time="0"/>
  <testcase name="testClass[[58]:CraftMetaEnchantedBook contains serialize]" classname="org.bukkit.craftbukkit.inventory.ItemMetaImplementationOverrideTest" time="0"/>
  <testcase name="testClass[[59]:CraftMetaEnchantedBook contains equalsCommon]" classname="org.bukkit.craftbukkit.inventory.ItemMetaImplementationOverrideTest" time="0"/>
  <testcase name="testClass[[60]:CraftMetaEnchantedBook contains notUncommon]" classname="org.bukkit.craftbukkit.inventory.ItemMetaImplementationOverrideTest" time="0"/>
  <testcase name="testClass[[61]:CraftMetaEnchantedBook contains applyHash]" classname="org.bukkit.craftbukkit.inventory.ItemMetaImplementationOverrideTest" time="0"/>
  <testcase name="testClass[[62]:CraftMetaEnchantedBook contains annotation interface org.bukkit.configuration.serialization.DelegateDeserialization]" classname="org.bukkit.craftbukkit.inventory.ItemMetaImplementationOverrideTest" time="0.001"/>
  <testcase name="testClass[[63]:CraftMetaBlockState contains clone]" classname="org.bukkit.craftbukkit.inventory.ItemMetaImplementationOverrideTest" time="0"/>
  <testcase name="testClass[[64]:CraftMetaBlockState contains isEmpty]" classname="org.bukkit.craftbukkit.inventory.ItemMetaImplementationOverrideTest" time="0"/>
  <testcase name="testClass[[65]:CraftMetaBlockState contains applicableTo]" classname="org.bukkit.craftbukkit.inventory.ItemMetaImplementationOverrideTest" time="0"/>
  <testcase name="testClass[[66]:CraftMetaBlockState contains applyToItem]" classname="org.bukkit.craftbukkit.inventory.ItemMetaImplementationOverrideTest" time="0"/>
  <testcase name="testClass[[67]:CraftMetaBlockState contains serialize]" classname="org.bukkit.craftbukkit.inventory.ItemMetaImplementationOverrideTest" time="0"/>
  <testcase name="testClass[[68]:CraftMetaBlockState contains equalsCommon]" classname="org.bukkit.craftbukkit.inventory.ItemMetaImplementationOverrideTest" time="0"/>
  <testcase name="testClass[[69]:CraftMetaBlockState contains notUncommon]" classname="org.bukkit.craftbukkit.inventory.ItemMetaImplementationOverrideTest" time="0"/>
  <testcase name="testClass[[70]:CraftMetaBlockState contains applyHash]" classname="org.bukkit.craftbukkit.inventory.ItemMetaImplementationOverrideTest" time="0"/>
  <testcase name="testClass[[71]:CraftMetaBlockState contains annotation interface org.bukkit.configuration.serialization.DelegateDeserialization]" classname="org.bukkit.craftbukkit.inventory.ItemMetaImplementationOverrideTest" time="0"/>
  <testcase name="testClass[[72]:CraftMetaSkull contains clone]" classname="org.bukkit.craftbukkit.inventory.ItemMetaImplementationOverrideTest" time="0"/>
  <testcase name="testClass[[73]:CraftMetaSkull contains isEmpty]" classname="org.bukkit.craftbukkit.inventory.ItemMetaImplementationOverrideTest" time="0"/>
  <testcase name="testClass[[74]:CraftMetaSkull contains applicableTo]" classname="org.bukkit.craftbukkit.inventory.ItemMetaImplementationOverrideTest" time="0"/>
  <testcase name="testClass[[75]:CraftMetaSkull contains applyToItem]" classname="org.bukkit.craftbukkit.inventory.ItemMetaImplementationOverrideTest" time="0"/>
  <testcase name="testClass[[76]:CraftMetaSkull contains serialize]" classname="org.bukkit.craftbukkit.inventory.ItemMetaImplementationOverrideTest" time="0"/>
  <testcase name="testClass[[77]:CraftMetaSkull contains equalsCommon]" classname="org.bukkit.craftbukkit.inventory.ItemMetaImplementationOverrideTest" time="0"/>
  <testcase name="testClass[[78]:CraftMetaSkull contains notUncommon]" classname="org.bukkit.craftbukkit.inventory.ItemMetaImplementationOverrideTest" time="0"/>
  <testcase name="testClass[[79]:CraftMetaSkull contains applyHash]" classname="org.bukkit.craftbukkit.inventory.ItemMetaImplementationOverrideTest" time="0"/>
  <testcase name="testClass[[80]:CraftMetaSkull contains annotation interface org.bukkit.configuration.serialization.DelegateDeserialization]" classname="org.bukkit.craftbukkit.inventory.ItemMetaImplementationOverrideTest" time="0"/>
  <testcase name="testClass[[81]:CraftMetaBookSigned contains clone]" classname="org.bukkit.craftbukkit.inventory.ItemMetaImplementationOverrideTest" time="0"/>
  <testcase name="testClass[[82]:CraftMetaBookSigned contains isEmpty]" classname="org.bukkit.craftbukkit.inventory.ItemMetaImplementationOverrideTest" time="0"/>
  <testcase name="testClass[[83]:CraftMetaBookSigned contains applicableTo]" classname="org.bukkit.craftbukkit.inventory.ItemMetaImplementationOverrideTest" time="0"/>
  <testcase name="testClass[[84]:CraftMetaBookSigned contains applyToItem]" classname="org.bukkit.craftbukkit.inventory.ItemMetaImplementationOverrideTest" time="0"/>
  <testcase name="testClass[[85]:CraftMetaBookSigned contains serialize]" classname="org.bukkit.craftbukkit.inventory.ItemMetaImplementationOverrideTest" time="0"/>
  <testcase name="testClass[[86]:CraftMetaBookSigned contains equalsCommon]" classname="org.bukkit.craftbukkit.inventory.ItemMetaImplementationOverrideTest" time="0"/>
  <testcase name="testClass[[87]:CraftMetaBookSigned contains notUncommon]" classname="org.bukkit.craftbukkit.inventory.ItemMetaImplementationOverrideTest" time="0"/>
  <testcase name="testClass[[88]:CraftMetaBookSigned contains applyHash]" classname="org.bukkit.craftbukkit.inventory.ItemMetaImplementationOverrideTest" time="0"/>
  <testcase name="testClass[[89]:CraftMetaBookSigned contains annotation interface org.bukkit.configuration.serialization.DelegateDeserialization]" classname="org.bukkit.craftbukkit.inventory.ItemMetaImplementationOverrideTest" time="0"/>
  <testcase name="testClass[[90]:CraftMetaMap contains clone]" classname="org.bukkit.craftbukkit.inventory.ItemMetaImplementationOverrideTest" time="0"/>
  <testcase name="testClass[[91]:CraftMetaMap contains isEmpty]" classname="org.bukkit.craftbukkit.inventory.ItemMetaImplementationOverrideTest" time="0"/>
  <testcase name="testClass[[92]:CraftMetaMap contains applicableTo]" classname="org.bukkit.craftbukkit.inventory.ItemMetaImplementationOverrideTest" time="0"/>
  <testcase name="testClass[[93]:CraftMetaMap contains applyToItem]" classname="org.bukkit.craftbukkit.inventory.ItemMetaImplementationOverrideTest" time="0"/>
  <testcase name="testClass[[94]:CraftMetaMap contains serialize]" classname="org.bukkit.craftbukkit.inventory.ItemMetaImplementationOverrideTest" time="0"/>
  <testcase name="testClass[[95]:CraftMetaMap contains equalsCommon]" classname="org.bukkit.craftbukkit.inventory.ItemMetaImplementationOverrideTest" time="0"/>
  <testcase name="testClass[[96]:CraftMetaMap contains notUncommon]" classname="org.bukkit.craftbukkit.inventory.ItemMetaImplementationOverrideTest" time="0"/>
  <testcase name="testClass[[97]:CraftMetaMap contains applyHash]" classname="org.bukkit.craftbukkit.inventory.ItemMetaImplementationOverrideTest" time="0"/>
  <testcase name="testClass[[98]:CraftMetaMap contains annotation interface org.bukkit.configuration.serialization.DelegateDeserialization]" classname="org.bukkit.craftbukkit.inventory.ItemMetaImplementationOverrideTest" time="0"/>
</testsuite>